<?xml version="1.0" encoding="UTF-8"?>
<!-- Generated by org.testng.reporters.JUnitReportReporter -->
<testsuite hostname="dell-PC" failures="0" tests="1" name="com.inetBanking.TestCases.TC_AddCustomerTest_003" time="32.951" errors="0" timestamp="2021-02-15T18:27:52 IST" skipped="0">
  <testcase classname="com.inetBanking.TestCases.TC_AddCustomerTest_003" name="addNewCustomer" time="32.951"/>
  <system-out/>
</testsuite> <!-- com.inetBanking.TestCases.TC_AddCustomerTest_003 -->
