<?xml version="1.0" encoding="UTF-8"?>
<!-- Generated by org.testng.reporters.JUnitReportReporter -->
<testsuite hostname="dell-PC" failures="0" tests="1" name="com.inetBanking.TestCases.TC_LoginTest_001" time="55.810" errors="0" timestamp="2021-02-19T22:09:39 IST" skipped="0">
  <testcase classname="com.inetBanking.TestCases.TC_LoginTest_001" name="loginTest" time="55.810"/>
  <system-out/>
</testsuite> <!-- com.inetBanking.TestCases.TC_LoginTest_001 -->
